{
  "entryPoints": [""],
  "shaderHashes": [15158310862804694385],
  "start": 10706503432563,
  "end": 10706503445645
}

{
  "entryPoints": [""],
  "shaderHashes": [15158310862804694385],
  "start": 10706549969301,
  "end": 10706550087621
}

{
  "entryPoints": [""],
  "shaderHashes": [15158310862804694385],
  "start": 10707089923162,
  "end": 10707090040821
}

{
  "entryPoints": [""],
  "shaderHashes": [15158310862804694385],
  "start": 10707140066184,
  "end": 10707140079517
}

{
  "entryPoints": [""],
  "shaderHashes": [15158310862804694385],
  "start": 10707353380030,
  "end": 10707353394571
}

{
  "entryPoints": [""],
  "shaderHashes": [15158310862804694385],
  "start": 10707402548737,
  "end": 10707402561445
}

{
  "entryPoints": [""],
  "shaderHashes": [15158310862804694385],
  "start": 10707616803120,
  "end": 10707616817119
}

{
  "entryPoints": [""],
  "shaderHashes": [15158310862804694385],
  "start": 10707666926131,
  "end": 10707667015795
}

{
  "entryPoints": [""],
  "shaderHashes": [15158310862804694385],
  "start": 10707716905356,
  "end": 10707716920564
}

{
  "entryPoints": [""],
  "shaderHashes": [15158310862804694385],
  "start": 10707766013732,
  "end": 10707766114479
}

{
  "entryPoints": [""],
  "shaderHashes": [15158310862804694385],
  "start": 10707816842598,
  "end": 10707816855555
}

{
  "entryPoints": [""],
  "shaderHashes": [15158310862804694385],
  "start": 10707866928819,
  "end": 10707866941152
}

{
  "entryPoints": [""],
  "shaderHashes": [15158310862804694385],
  "start": 10708080298834,
  "end": 10708080311334
}

{
  "entryPoints": [""],
  "shaderHashes": [15158310862804694385],
  "start": 10708130293613,
  "end": 10708130307071
}

{
  "entryPoints": [""],
  "shaderHashes": [15158310862804694385],
  "start": 10708180357641,
  "end": 10708180370099
}

{
  "entryPoints": [""],
  "shaderHashes": [15158310862804694385],
  "start": 10708230491959,
  "end": 10708230564666
}

{
  "entryPoints": [""],
  "shaderHashes": [15158310862804694385],
  "start": 10708280457530,
  "end": 10708280524945
}

{
  "entryPoints": [""],
  "shaderHashes": [15158310862804694385],
  "start": 10708330501433,
  "end": 10708330572807
}

{
  "entryPoints": [""],
  "shaderHashes": [15158310862804694385],
  "start": 10708380289590,
  "end": 10708380393255
}

{
  "entryPoints": [""],
  "shaderHashes": [15158310862804694385],
  "start": 10708430243078,
  "end": 10708430255744
}

{
  "entryPoints": [""],
  "shaderHashes": [15158310862804694385],
  "start": 10708480434562,
  "end": 10708480494561
}

{
  "entryPoints": [""],
  "shaderHashes": [15158310862804694385],
  "start": 10708530381341,
  "end": 10708530448715
}

{
  "entryPoints": [""],
  "shaderHashes": [15158310862804694385],
  "start": 10708580436036,
  "end": 10708580545200
}

{
  "entryPoints": [""],
  "shaderHashes": [15158310862804694385],
  "start": 10708629331331,
  "end": 10708629345665
}

{
  "entryPoints": [""],
  "shaderHashes": [15158310862804694385],
  "start": 10708680327012,
  "end": 10708680340345
}

{
  "entryPoints": [""],
  "shaderHashes": [15158310862804694385],
  "start": 10708730212376,
  "end": 10708730225750
}

{
  "entryPoints": [""],
  "shaderHashes": [15158310862804694385],
  "start": 10708780203404,
  "end": 10708780216279
}

{
  "entryPoints": [""],
  "shaderHashes": [15158310862804694385],
  "start": 10708830217016,
  "end": 10708830294307
}

{
  "entryPoints": [""],
  "shaderHashes": [15158310862804694385],
  "start": 10708880288252,
  "end": 10708880301835
}

{
  "entryPoints": [""],
  "shaderHashes": [15158310862804694385],
  "start": 10708930496653,
  "end": 10708930567568
}

{
  "entryPoints": [""],
  "shaderHashes": [15158310862804694385],
  "start": 10708980457307,
  "end": 10708980530764
}

{
  "entryPoints": [""],
  "shaderHashes": [15158310862804694385],
  "start": 10709030410795,
  "end": 10709030479752
}

{
  "entryPoints": [""],
  "shaderHashes": [15158310862804694385],
  "start": 10709080403323,
  "end": 10709080474739
}

{
  "entryPoints": [""],
  "shaderHashes": [15158310862804694385],
  "start": 10709130477059,
  "end": 10709130546767
}

{
  "entryPoints": [""],
  "shaderHashes": [15158310862804694385],
  "start": 10709180234925,
  "end": 10709180247800
}

{
  "entryPoints": [""],
  "shaderHashes": [15158310862804694385],
  "start": 10709230444534,
  "end": 10709230507450
}

{
  "entryPoints": [""],
  "shaderHashes": [15158310862804694385],
  "start": 10709280461145,
  "end": 10709280529894
}

{
  "entryPoints": [""],
  "shaderHashes": [15158310862804694385],
  "start": 10709330392301,
  "end": 10709330472132
}

{
  "entryPoints": [""],
  "shaderHashes": [15158310862804694385],
  "start": 10709380556702,
  "end": 10709380628367
}

{
  "entryPoints": [""],
  "shaderHashes": [15158310862804694385],
  "start": 10709430357442,
  "end": 10709430424941
}

{
  "entryPoints": [""],
  "shaderHashes": [15158310862804694385],
  "start": 10709480420969,
  "end": 10709480490302
}

{
  "entryPoints": [""],
  "shaderHashes": [15158310862804694385],
  "start": 10709530379291,
  "end": 10709530439790
}

{
  "entryPoints": [""],
  "shaderHashes": [15158310862804694385],
  "start": 10709580498317,
  "end": 10709580559441
}

{
  "entryPoints": [""],
  "shaderHashes": [15158310862804694385],
  "start": 10709629412988,
  "end": 10709629486862
}

{
  "entryPoints": [""],
  "shaderHashes": [15158310862804694385],
  "start": 10709680367627,
  "end": 10709680437626
}

{
  "entryPoints": [""],
  "shaderHashes": [15158310862804694385],
  "start": 10709730368530,
  "end": 10709730429363
}

{
  "entryPoints": [""],
  "shaderHashes": [15158310862804694385],
  "start": 10709780400059,
  "end": 10709780468725
}

{
  "entryPoints": [""],
  "shaderHashes": [15158310862804694385],
  "start": 10709830408546,
  "end": 10709830479753
}

{
  "entryPoints": [""],
  "shaderHashes": [15158310862804694385],
  "start": 10709880578197,
  "end": 10709880651987
}

{
  "entryPoints": [""],
  "shaderHashes": [15158310862804694385],
  "start": 10709930568142,
  "end": 10709930639099
}

{
  "entryPoints": [""],
  "shaderHashes": [15158310862804694385],
  "start": 10709980541422,
  "end": 10709980609921
}

{
  "entryPoints": [""],
  "shaderHashes": [15158310862804694385],
  "start": 10710030306996,
  "end": 10710030386244
}

{
  "entryPoints": [""],
  "shaderHashes": [15158310862804694385],
  "start": 10710080329732,
  "end": 10710080407689
}

{
  "entryPoints": [""],
  "shaderHashes": [15158310862804694385],
  "start": 10710130375386,
  "end": 10710130448675
}

{
  "entryPoints": [""],
  "shaderHashes": [15158310862804694385],
  "start": 10710180397455,
  "end": 10710180469662
}

{
  "entryPoints": [""],
  "shaderHashes": [15158310862804694385],
  "start": 10710230405317,
  "end": 10710230479149
}

{
  "entryPoints": [""],
  "shaderHashes": [15158310862804694385],
  "start": 10710280471636,
  "end": 10710280549927
}

{
  "entryPoints": [""],
  "shaderHashes": [15158310862804694385],
  "start": 10710330366500,
  "end": 10710330436166
}

{
  "entryPoints": [""],
  "shaderHashes": [15158310862804694385],
  "start": 10710380974853,
  "end": 10710381048436
}

{
  "entryPoints": [""],
  "shaderHashes": [15158310862804694385],
  "start": 10710430165144,
  "end": 10710430177769
}

{
  "entryPoints": [""],
  "shaderHashes": [15158310862804694385],
  "start": 10710480236922,
  "end": 10710480347211
}

{
  "entryPoints": [""],
  "shaderHashes": [15158310862804694385],
  "start": 10710530141244,
  "end": 10710530153951
}

{
  "entryPoints": [""],
  "shaderHashes": [15158310862804694385],
  "start": 10710580214354,
  "end": 10710580226896
}

{
  "entryPoints": [""],
  "shaderHashes": [15158310862804694385],
  "start": 10710630344048,
  "end": 10710630412172
}

{
  "entryPoints": [""],
  "shaderHashes": [15158310862804694385],
  "start": 10710679430508,
  "end": 10710679497257
}

{
  "entryPoints": [""],
  "shaderHashes": [15158310862804694385],
  "start": 10710730161441,
  "end": 10710730174483
}

{
  "entryPoints": [""],
  "shaderHashes": [15158310862804694385],
  "start": 10710780184845,
  "end": 10710780196803
}

{
  "entryPoints": [""],
  "shaderHashes": [15158310862804694385],
  "start": 10710830230289,
  "end": 10710830308121
}

{
  "entryPoints": [""],
  "shaderHashes": [15158310862804694385],
  "start": 10710880253443,
  "end": 10710880323775
}

{
  "entryPoints": [""],
  "shaderHashes": [15158310862804694385],
  "start": 10710930180847,
  "end": 10710930194181
}

{
  "entryPoints": [""],
  "shaderHashes": [15158310862804694385],
  "start": 10710980216793,
  "end": 10710980326374
}

{
  "entryPoints": [""],
  "shaderHashes": [15158310862804694385],
  "start": 10711030299487,
  "end": 10711030312528
}

{
  "entryPoints": [""],
  "shaderHashes": [15158310862804694385],
  "start": 10711079455820,
  "end": 10711079523111
}

{
  "entryPoints": [""],
  "shaderHashes": [15158310862804694385],
  "start": 10711130323502,
  "end": 10711130394542
}

{
  "entryPoints": [""],
  "shaderHashes": [15158310862804694385],
  "start": 10711180380030,
  "end": 10711180447529
}

{
  "entryPoints": [""],
  "shaderHashes": [15158310862804694385],
  "start": 10711229276867,
  "end": 10711229289158
}

{
  "entryPoints": [""],
  "shaderHashes": [15158310862804694385],
  "start": 10711280128216,
  "end": 10711280140757
}

{
  "entryPoints": [""],
  "shaderHashes": [15158310862804694385],
  "start": 10711330311576,
  "end": 10711330386158
}

{
  "entryPoints": [""],
  "shaderHashes": [15158310862804694385],
  "start": 10711380404811,
  "end": 10711380471101
}

{
  "entryPoints": [""],
  "shaderHashes": [15158310862804694385],
  "start": 10711430323925,
  "end": 10711430393799
}

{
  "entryPoints": [""],
  "shaderHashes": [15158310862804694385],
  "start": 10711480349494,
  "end": 10711480420535
}

{
  "entryPoints": [""],
  "shaderHashes": [15158310862804694385],
  "start": 10711530449438,
  "end": 10711530509687
}

{
  "entryPoints": [""],
  "shaderHashes": [15158310862804694385],
  "start": 10711580410842,
  "end": 10711580483799
}

{
  "entryPoints": [""],
  "shaderHashes": [15158310862804694385],
  "start": 10711630437954,
  "end": 10711630507453
}

{
  "entryPoints": [""],
  "shaderHashes": [15158310862804694385],
  "start": 10711680306151,
  "end": 10711680380859
}

{
  "entryPoints": [""],
  "shaderHashes": [15158310862804694385],
  "start": 10711730376512,
  "end": 10711730450261
}

{
  "entryPoints": [""],
  "shaderHashes": [15158310862804694385],
  "start": 10711780418458,
  "end": 10711780485790
}

{
  "entryPoints": [""],
  "shaderHashes": [15158310862804694385],
  "start": 10711830310362,
  "end": 10711830381778
}

{
  "entryPoints": [""],
  "shaderHashes": [15158310862804694385],
  "start": 10711884328413,
  "end": 10711884340872
}

{
  "entryPoints": [""],
  "shaderHashes": [15158310862804694385],
  "start": 10711932165850,
  "end": 10711932179225
}

{
  "entryPoints": [""],
  "shaderHashes": [15158310862804694385],
  "start": 10711981285018,
  "end": 10711981355516
}
