{
  "entryPoints": [""],
  "shaderHashes": [15158310862804694385],
  "start": 10809962309616,
  "end": 10809962322990
}

{
  "entryPoints": [""],
  "shaderHashes": [15158310862804694385],
  "start": 10810004984515,
  "end": 10810004997431
}

{
  "entryPoints": [""],
  "shaderHashes": [15158310862804694385],
  "start": 10810549710675,
  "end": 10810549828252
}

{
  "entryPoints": [""],
  "shaderHashes": [15158310862804694385],
  "start": 10810599698624,
  "end": 10810599816866
}

{
  "entryPoints": [""],
  "shaderHashes": [15158310862804694385],
  "start": 10810814796933,
  "end": 10810814809724
}

{
  "entryPoints": [""],
  "shaderHashes": [15158310862804694385],
  "start": 10810864890432,
  "end": 10810864964761
}

{
  "entryPoints": [""],
  "shaderHashes": [15158310862804694385],
  "start": 10811079837748,
  "end": 10811079853332
}

{
  "entryPoints": [""],
  "shaderHashes": [15158310862804694385],
  "start": 10811129767933,
  "end": 10811129782683
}

{
  "entryPoints": [""],
  "shaderHashes": [15158310862804694385],
  "start": 10811179849946,
  "end": 10811179863737
}

{
  "entryPoints": [""],
  "shaderHashes": [15158310862804694385],
  "start": 10811229890544,
  "end": 10811229962916
}

{
  "entryPoints": [""],
  "shaderHashes": [15158310862804694385],
  "start": 10811280033013,
  "end": 10811280110678
}

{
  "entryPoints": [""],
  "shaderHashes": [15158310862804694385],
  "start": 10811330090820,
  "end": 10811330154359
}

{
  "entryPoints": [""],
  "shaderHashes": [15158310862804694385],
  "start": 10811544980939,
  "end": 10811545051397
}

{
  "entryPoints": [""],
  "shaderHashes": [15158310862804694385],
  "start": 10811594988093,
  "end": 10811595048425
}

{
  "entryPoints": [""],
  "shaderHashes": [15158310862804694385],
  "start": 10811644898748,
  "end": 10811644966538
}

{
  "entryPoints": [""],
  "shaderHashes": [15158310862804694385],
  "start": 10811694868944,
  "end": 10811694945110
}

{
  "entryPoints": [""],
  "shaderHashes": [15158310862804694385],
  "start": 10811745033595,
  "end": 10811745104344
}

{
  "entryPoints": [""],
  "shaderHashes": [15158310862804694385],
  "start": 10811794997291,
  "end": 10811795054332
}

{
  "entryPoints": [""],
  "shaderHashes": [15158310862804694385],
  "start": 10811844866697,
  "end": 10811844937737
}

{
  "entryPoints": [""],
  "shaderHashes": [15158310862804694385],
  "start": 10811895028557,
  "end": 10811895087681
}

{
  "entryPoints": [""],
  "shaderHashes": [15158310862804694385],
  "start": 10811945041334,
  "end": 10811945106333
}

{
  "entryPoints": [""],
  "shaderHashes": [15158310862804694385],
  "start": 10811994952073,
  "end": 10811995025447
}

{
  "entryPoints": [""],
  "shaderHashes": [15158310862804694385],
  "start": 10812044921019,
  "end": 10812044985726
}

{
  "entryPoints": [""],
  "shaderHashes": [15158310862804694385],
  "start": 10812095145836,
  "end": 10812095221335
}

{
  "entryPoints": [""],
  "shaderHashes": [15158310862804694385],
  "start": 10812145162198,
  "end": 10812145234405
}

{
  "entryPoints": [""],
  "shaderHashes": [15158310862804694385],
  "start": 10812194845607,
  "end": 10812194918230
}

{
  "entryPoints": [""],
  "shaderHashes": [15158310862804694385],
  "start": 10812244859176,
  "end": 10812244932425
}

{
  "entryPoints": [""],
  "shaderHashes": [15158310862804694385],
  "start": 10812294933287,
  "end": 10812295003078
}

{
  "entryPoints": [""],
  "shaderHashes": [15158310862804694385],
  "start": 10812344917858,
  "end": 10812344981024
}

{
  "entryPoints": [""],
  "shaderHashes": [15158310862804694385],
  "start": 10812395161008,
  "end": 10812395218215
}

{
  "entryPoints": [""],
  "shaderHashes": [15158310862804694385],
  "start": 10812445014122,
  "end": 10812445068746
}

{
  "entryPoints": [""],
  "shaderHashes": [15158310862804694385],
  "start": 10812494945610,
  "end": 10812495017776
}

{
  "entryPoints": [""],
  "shaderHashes": [15158310862804694385],
  "start": 10812544960180,
  "end": 10812545029929
}

{
  "entryPoints": [""],
  "shaderHashes": [15158310862804694385],
  "start": 10812594992876,
  "end": 10812595061125
}

{
  "entryPoints": [""],
  "shaderHashes": [15158310862804694385],
  "start": 10812645029612,
  "end": 10812645087319
}

{
  "entryPoints": [""],
  "shaderHashes": [15158310862804694385],
  "start": 10812695055682,
  "end": 10812695120973
}

{
  "entryPoints": [""],
  "shaderHashes": [15158310862804694385],
  "start": 10812744985295,
  "end": 10812745059836
}

{
  "entryPoints": [""],
  "shaderHashes": [15158310862804694385],
  "start": 10812795022073,
  "end": 10812795092322
}

{
  "entryPoints": [""],
  "shaderHashes": [15158310862804694385],
  "start": 10812845094475,
  "end": 10812845167849
}

{
  "entryPoints": [""],
  "shaderHashes": [15158310862804694385],
  "start": 10812894963089,
  "end": 10812895023506
}

{
  "entryPoints": [""],
  "shaderHashes": [15158310862804694385],
  "start": 10812945603067,
  "end": 10812945668858
}

{
  "entryPoints": [""],
  "shaderHashes": [15158310862804694385],
  "start": 10812994930939,
  "end": 10812994945898
}

{
  "entryPoints": [""],
  "shaderHashes": [15158310862804694385],
  "start": 10813044623515,
  "end": 10813044637556
}

{
  "entryPoints": [""],
  "shaderHashes": [15158310862804694385],
  "start": 10813094624335,
  "end": 10813094639377
}

{
  "entryPoints": [""],
  "shaderHashes": [15158310862804694385],
  "start": 10813144928025,
  "end": 10813145030316
}

{
  "entryPoints": [""],
  "shaderHashes": [15158310862804694385],
  "start": 10813195003970,
  "end": 10813195128593
}

{
  "entryPoints": [""],
  "shaderHashes": [15158310862804694385],
  "start": 10813244788086,
  "end": 10813244801668
}

{
  "entryPoints": [""],
  "shaderHashes": [15158310862804694385],
  "start": 10813295045110,
  "end": 10813295119858
}

{
  "entryPoints": [""],
  "shaderHashes": [15158310862804694385],
  "start": 10813344926515,
  "end": 10813344987598
}

{
  "entryPoints": [""],
  "shaderHashes": [15158310862804694385],
  "start": 10813394902961,
  "end": 10813394972210
}

{
  "entryPoints": [""],
  "shaderHashes": [15158310862804694385],
  "start": 10813445141403,
  "end": 10813445197985
}

{
  "entryPoints": [""],
  "shaderHashes": [15158310862804694385],
  "start": 10813494898727,
  "end": 10813494972268
}

{
  "entryPoints": [""],
  "shaderHashes": [15158310862804694385],
  "start": 10813544937256,
  "end": 10813545011837
}

{
  "entryPoints": [""],
  "shaderHashes": [15158310862804694385],
  "start": 10813594911576,
  "end": 10813594978450
}

{
  "entryPoints": [""],
  "shaderHashes": [15158310862804694385],
  "start": 10813644940021,
  "end": 10813645008354
}

{
  "entryPoints": [""],
  "shaderHashes": [15158310862804694385],
  "start": 10813694933050,
  "end": 10813695004924
}

{
  "entryPoints": [""],
  "shaderHashes": [15158310862804694385],
  "start": 10813744960244,
  "end": 10813745034827
}

{
  "entryPoints": [""],
  "shaderHashes": [15158310862804694385],
  "start": 10813794901316,
  "end": 10813794969648
}

{
  "entryPoints": [""],
  "shaderHashes": [15158310862804694385],
  "start": 10813844735014,
  "end": 10813844747889
}

{
  "entryPoints": [""],
  "shaderHashes": [15158310862804694385],
  "start": 10813894740376,
  "end": 10813894755793
}

{
  "entryPoints": [""],
  "shaderHashes": [15158310862804694385],
  "start": 10813944662781,
  "end": 10813944676822
}

{
  "entryPoints": [""],
  "shaderHashes": [15158310862804694385],
  "start": 10813994621144,
  "end": 10813994634102
}

{
  "entryPoints": [""],
  "shaderHashes": [15158310862804694385],
  "start": 10814044798294,
  "end": 10814044811628
}

{
  "entryPoints": [""],
  "shaderHashes": [15158310862804694385],
  "start": 10814094786948,
  "end": 10814094906197
}

{
  "entryPoints": [""],
  "shaderHashes": [15158310862804694385],
  "start": 10814144672812,
  "end": 10814144685770
}

{
  "entryPoints": [""],
  "shaderHashes": [15158310862804694385],
  "start": 10814194962212,
  "end": 10814195031377
}

{
  "entryPoints": [""],
  "shaderHashes": [15158310862804694385],
  "start": 10814244989156,
  "end": 10814245060238
}

{
  "entryPoints": [""],
  "shaderHashes": [15158310862804694385],
  "start": 10814295047935,
  "end": 10814295112392
}

{
  "entryPoints": [""],
  "shaderHashes": [15158310862804694385],
  "start": 10814344921340,
  "end": 10814344973464
}

{
  "entryPoints": [""],
  "shaderHashes": [15158310862804694385],
  "start": 10814394942410,
  "end": 10814395016992
}

{
  "entryPoints": [""],
  "shaderHashes": [15158310862804694385],
  "start": 10814444793650,
  "end": 10814444866814
}

{
  "entryPoints": [""],
  "shaderHashes": [15158310862804694385],
  "start": 10814495425043,
  "end": 10814495494209
}

{
  "entryPoints": [""],
  "shaderHashes": [15158310862804694385],
  "start": 10814544597585,
  "end": 10814544610459
}

{
  "entryPoints": [""],
  "shaderHashes": [15158310862804694385],
  "start": 10814594815526,
  "end": 10814594888817
}

{
  "entryPoints": [""],
  "shaderHashes": [15158310862804694385],
  "start": 10814644894096,
  "end": 10814644945678
}

{
  "entryPoints": [""],
  "shaderHashes": [15158310862804694385],
  "start": 10814694909083,
  "end": 10814694969457
}

{
  "entryPoints": [""],
  "shaderHashes": [15158310862804694385],
  "start": 10814744894778,
  "end": 10814744947278
}

{
  "entryPoints": [""],
  "shaderHashes": [15158310862804694385],
  "start": 10814794910473,
  "end": 10814794986889
}

{
  "entryPoints": [""],
  "shaderHashes": [15158310862804694385],
  "start": 10814844967918,
  "end": 10814845034375
}

{
  "entryPoints": [""],
  "shaderHashes": [15158310862804694385],
  "start": 10814894792866,
  "end": 10814894865115
}

{
  "entryPoints": [""],
  "shaderHashes": [15158310862804694385],
  "start": 10814945042224,
  "end": 10814945098515
}

{
  "entryPoints": [""],
  "shaderHashes": [15158310862804694385],
  "start": 10814994987879,
  "end": 10814995048044
}

{
  "entryPoints": [""],
  "shaderHashes": [15158310862804694385],
  "start": 10815044918117,
  "end": 10815044991157
}

{
  "entryPoints": [""],
  "shaderHashes": [15158310862804694385],
  "start": 10815095890047,
  "end": 10815095964713
}

{
  "entryPoints": [""],
  "shaderHashes": [15158310862804694385],
  "start": 10815145573789,
  "end": 10815145649580
}

{
  "entryPoints": [""],
  "shaderHashes": [15158310862804694385],
  "start": 10815198819310,
  "end": 10815198832185
}

{
  "entryPoints": [""],
  "shaderHashes": [15158310862804694385],
  "start": 10815246565248,
  "end": 10815246690871
}

{
  "entryPoints": [""],
  "shaderHashes": [15158310862804694385],
  "start": 10815295734665,
  "end": 10815295747540
}

{
  "entryPoints": [""],
  "shaderHashes": [15158310862804694385],
  "start": 10815345804942,
  "end": 10815345817734
}

{
  "entryPoints": [""],
  "shaderHashes": [15158310862804694385],
  "start": 10815395773514,
  "end": 10815395788679
}

{
  "entryPoints": [""],
  "shaderHashes": [15158310862804694385],
  "start": 10815445646836,
  "end": 10815445659627
}

