{
  "entryPoints": [""],
  "shaderHashes": [15158310862804694385],
  "start": 112210435952994,
  "end": 112210435965826
}

{
  "entryPoints": [""],
  "shaderHashes": [15158310862804694385],
  "start": 112210474040342,
  "end": 112210474159704
}

{
  "entryPoints": [""],
  "shaderHashes": [15158310862804694385],
  "start": 112215660836711,
  "end": 112215660956704
}

{
  "entryPoints": [""],
  "shaderHashes": [15158310862804694385],
  "start": 112215710729416,
  "end": 112215710853033
}

{
  "entryPoints": [""],
  "shaderHashes": [15158310862804694385],
  "start": 112217473077087,
  "end": 112217473146250
}

{
  "entryPoints": [""],
  "shaderHashes": [15158310862804694385],
  "start": 112217523165419,
  "end": 112217523275122
}

{
  "entryPoints": [""],
  "shaderHashes": [15158310862804694385],
  "start": 112219285508171,
  "end": 112219285521046
}

{
  "entryPoints": [""],
  "shaderHashes": [15158310862804694385],
  "start": 112219335547519,
  "end": 112219335648016
}

{
  "entryPoints": [""],
  "shaderHashes": [15158310862804694385],
  "start": 112219385408706,
  "end": 112219385510119
}

{
  "entryPoints": [""],
  "shaderHashes": [15158310862804694385],
  "start": 112219435687504,
  "end": 112219435785293
}

{
  "entryPoints": [""],
  "shaderHashes": [15158310862804694385],
  "start": 112219485630230,
  "end": 112219485749935
}

{
  "entryPoints": [""],
  "shaderHashes": [15158310862804694385],
  "start": 112219535584580,
  "end": 112219535599122
}

{
  "entryPoints": [""],
  "shaderHashes": [15158310862804694385],
  "start": 112221297778884,
  "end": 112221297793550
}

{
  "entryPoints": [""],
  "shaderHashes": [15158310862804694385],
  "start": 112221347929077,
  "end": 112221348036993
}

{
  "entryPoints": [""],
  "shaderHashes": [15158310862804694385],
  "start": 112221398090187,
  "end": 112221398166686
}

{
  "entryPoints": [""],
  "shaderHashes": [15158310862804694385],
  "start": 112221448057632,
  "end": 112221448160173
}

{
  "entryPoints": [""],
  "shaderHashes": [15158310862804694385],
  "start": 112221497844665,
  "end": 112221497951621
}

{
  "entryPoints": [""],
  "shaderHashes": [15158310862804694385],
  "start": 112221548050024,
  "end": 112221548155397
}

{
  "entryPoints": [""],
  "shaderHashes": [15158310862804694385],
  "start": 112221597900638,
  "end": 112221597915846
}

{
  "entryPoints": [""],
  "shaderHashes": [15158310862804694385],
  "start": 112221648024290,
  "end": 112221648139788
}

{
  "entryPoints": [""],
  "shaderHashes": [15158310862804694385],
  "start": 112221697939153,
  "end": 112221698049985
}

{
  "entryPoints": [""],
  "shaderHashes": [15158310862804694385],
  "start": 112221747943806,
  "end": 112221748057014
}

{
  "entryPoints": [""],
  "shaderHashes": [15158310862804694385],
  "start": 112221797825087,
  "end": 112221797839462
}

{
  "entryPoints": [""],
  "shaderHashes": [15158310862804694385],
  "start": 112221847944364,
  "end": 112221848024446
}

{
  "entryPoints": [""],
  "shaderHashes": [15158310862804694385],
  "start": 112221898026725,
  "end": 112221898117224
}

{
  "entryPoints": [""],
  "shaderHashes": [15158310862804694385],
  "start": 112221947915547,
  "end": 112221948030087
}

{
  "entryPoints": [""],
  "shaderHashes": [15158310862804694385],
  "start": 112221997838202,
  "end": 112221997899492
}

{
  "entryPoints": [""],
  "shaderHashes": [15158310862804694385],
  "start": 112222047936438,
  "end": 112222048043311
}

{
  "entryPoints": [""],
  "shaderHashes": [15158310862804694385],
  "start": 112222097959299,
  "end": 112222097974299
}

{
  "entryPoints": [""],
  "shaderHashes": [15158310862804694385],
  "start": 112222148110200,
  "end": 112222148183324
}

{
  "entryPoints": [""],
  "shaderHashes": [15158310862804694385],
  "start": 112222197944482,
  "end": 112222198021189
}

{
  "entryPoints": [""],
  "shaderHashes": [15158310862804694385],
  "start": 112222247880262,
  "end": 112222247894887
}

{
  "entryPoints": [""],
  "shaderHashes": [15158310862804694385],
  "start": 112222297915039,
  "end": 112222297930331
}

{
  "entryPoints": [""],
  "shaderHashes": [15158310862804694385],
  "start": 112222347803695,
  "end": 112222347916068
}

{
  "entryPoints": [""],
  "shaderHashes": [15158310862804694385],
  "start": 112222397950555,
  "end": 112222398077720
}

{
  "entryPoints": [""],
  "shaderHashes": [15158310862804694385],
  "start": 112222448493701,
  "end": 112222448507158
}

{
  "entryPoints": [""],
  "shaderHashes": [15158310862804694385],
  "start": 112222498052735,
  "end": 112222498065485
}

{
  "entryPoints": [""],
  "shaderHashes": [15158310862804694385],
  "start": 112222547943933,
  "end": 112222548010057
}

{
  "entryPoints": [""],
  "shaderHashes": [15158310862804694385],
  "start": 112222597857004,
  "end": 112222597869629
}

{
  "entryPoints": [""],
  "shaderHashes": [15158310862804694385],
  "start": 112222647835825,
  "end": 112222647960407
}

{
  "entryPoints": [""],
  "shaderHashes": [15158310862804694385],
  "start": 112222697961602,
  "end": 112222697975977
}

{
  "entryPoints": [""],
  "shaderHashes": [15158310862804694385],
  "start": 112222747887715,
  "end": 112222747999630
}

{
  "entryPoints": [""],
  "shaderHashes": [15158310862804694385],
  "start": 112222797866245,
  "end": 112222797880660
}

{
  "entryPoints": [""],
  "shaderHashes": [15158310862804694385],
  "start": 112222847944938,
  "end": 112222847958980
}

{
  "entryPoints": [""],
  "shaderHashes": [15158310862804694385],
  "start": 112222897901468,
  "end": 112222898007924
}

{
  "entryPoints": [""],
  "shaderHashes": [15158310862804694385],
  "start": 112222947972954,
  "end": 112222948052953
}

{
  "entryPoints": [""],
  "shaderHashes": [15158310862804694385],
  "start": 112222997823026,
  "end": 112222997835734
}

{
  "entryPoints": [""],
  "shaderHashes": [15158310862804694385],
  "start": 112223047938679,
  "end": 112223048009719
}

{
  "entryPoints": [""],
  "shaderHashes": [15158310862804694385],
  "start": 112223097814959,
  "end": 112223097828333
}

{
  "entryPoints": [""],
  "shaderHashes": [15158310862804694385],
  "start": 112223147872362,
  "end": 112223147888320
}

{
  "entryPoints": [""],
  "shaderHashes": [15158310862804694385],
  "start": 112223197937640,
  "end": 112223197953765
}

{
  "entryPoints": [""],
  "shaderHashes": [15158310862804694385],
  "start": 112223247905918,
  "end": 112223247922043
}

{
  "entryPoints": [""],
  "shaderHashes": [15158310862804694385],
  "start": 112223297910239,
  "end": 112223297924030
}

{
  "entryPoints": [""],
  "shaderHashes": [15158310862804694385],
  "start": 112223347844435,
  "end": 112223347857727
}

{
  "entryPoints": [""],
  "shaderHashes": [15158310862804694385],
  "start": 112223397857672,
  "end": 112223397871047
}

{
  "entryPoints": [""],
  "shaderHashes": [15158310862804694385],
  "start": 112223448068156,
  "end": 112223448143072
}

{
  "entryPoints": [""],
  "shaderHashes": [15158310862804694385],
  "start": 112223498006852,
  "end": 112223498080976
}

{
  "entryPoints": [""],
  "shaderHashes": [15158310862804694385],
  "start": 112223548138879,
  "end": 112223548205461
}

{
  "entryPoints": [""],
  "shaderHashes": [15158310862804694385],
  "start": 112223597846413,
  "end": 112223597937536
}

{
  "entryPoints": [""],
  "shaderHashes": [15158310862804694385],
  "start": 112223647717818,
  "end": 112223647840566
}

{
  "entryPoints": [""],
  "shaderHashes": [15158310862804694385],
  "start": 112223697781429,
  "end": 112223697847845
}

{
  "entryPoints": [""],
  "shaderHashes": [15158310862804694385],
  "start": 112223747783958,
  "end": 112223747845832
}

{
  "entryPoints": [""],
  "shaderHashes": [15158310862804694385],
  "start": 112223797783987,
  "end": 112223797850611
}

{
  "entryPoints": [""],
  "shaderHashes": [15158310862804694385],
  "start": 112223847963971,
  "end": 112223848083052
}

{
  "entryPoints": [""],
  "shaderHashes": [15158310862804694385],
  "start": 112223897775669,
  "end": 112223897885625
}

{
  "entryPoints": [""],
  "shaderHashes": [15158310862804694385],
  "start": 112223947837405,
  "end": 112223947853947
}

{
  "entryPoints": [""],
  "shaderHashes": [15158310862804694385],
  "start": 112223997754893,
  "end": 112223997767351
}

{
  "entryPoints": [""],
  "shaderHashes": [15158310862804694385],
  "start": 112224047883837,
  "end": 112224047997085
}

{
  "entryPoints": [""],
  "shaderHashes": [15158310862804694385],
  "start": 112224097863616,
  "end": 112224097875991
}

{
  "entryPoints": [""],
  "shaderHashes": [15158310862804694385],
  "start": 112224147888895,
  "end": 112224148016143
}

{
  "entryPoints": [""],
  "shaderHashes": [15158310862804694385],
  "start": 112224197951464,
  "end": 112224198029587
}

{
  "entryPoints": [""],
  "shaderHashes": [15158310862804694385],
  "start": 112224248099823,
  "end": 112224248173197
}

{
  "entryPoints": [""],
  "shaderHashes": [15158310862804694385],
  "start": 112224298062103,
  "end": 112224298122435
}

{
  "entryPoints": [""],
  "shaderHashes": [15158310862804694385],
  "start": 112224348040215,
  "end": 112224348108755
}

{
  "entryPoints": [""],
  "shaderHashes": [15158310862804694385],
  "start": 112224398012869,
  "end": 112224398068827
}

{
  "entryPoints": [""],
  "shaderHashes": [15158310862804694385],
  "start": 112224447864858,
  "end": 112224447935649
}

{
  "entryPoints": [""],
  "shaderHashes": [15158310862804694385],
  "start": 112224497909637,
  "end": 112224497925136
}

{
  "entryPoints": [""],
  "shaderHashes": [15158310862804694385],
  "start": 112224548029122,
  "end": 112224548067288
}

{
  "entryPoints": [""],
  "shaderHashes": [15158310862804694385],
  "start": 112224598153690,
  "end": 112224598227189
}

{
  "entryPoints": [""],
  "shaderHashes": [15158310862804694385],
  "start": 112224647975097,
  "end": 112224647986972
}

{
  "entryPoints": [""],
  "shaderHashes": [15158310862804694385],
  "start": 112224697721046,
  "end": 112224697732837
}

{
  "entryPoints": [""],
  "shaderHashes": [15158310862804694385],
  "start": 112224748077152,
  "end": 112224748146735
}

{
  "entryPoints": [""],
  "shaderHashes": [15158310862804694385],
  "start": 112224798080514,
  "end": 112224798151472
}

{
  "entryPoints": [""],
  "shaderHashes": [15158310862804694385],
  "start": 112224847838005,
  "end": 112224847850505
}

{
  "entryPoints": [""],
  "shaderHashes": [15158310862804694385],
  "start": 112224897740578,
  "end": 112224897852326
}

{
  "entryPoints": [""],
  "shaderHashes": [15158310862804694385],
  "start": 112224947859938,
  "end": 112224947964894
}

{
  "entryPoints": [""],
  "shaderHashes": [15158310862804694385],
  "start": 112224997816258,
  "end": 112224997830341
}

{
  "entryPoints": [""],
  "shaderHashes": [15158310862804694385],
  "start": 112225047918536,
  "end": 112225048044700
}

{
  "entryPoints": [""],
  "shaderHashes": [15158310862804694385],
  "start": 112225097845899,
  "end": 112225097859774
}

{
  "entryPoints": [""],
  "shaderHashes": [15158310862804694385],
  "start": 112225147893510,
  "end": 112225147909593
}

{
  "entryPoints": [""],
  "shaderHashes": [15158310862804694385],
  "start": 112225198098077,
  "end": 112225198171243
}
