{
  "entryPoints": [""],
  "shaderHashes": [15158310862804694385],
  "start": 111997002066003,
  "end": 111997002189448
}

{
  "entryPoints": [""],
  "shaderHashes": [15158310862804694385],
  "start": 111997020383963,
  "end": 111997020396961
}

{
  "entryPoints": [""],
  "shaderHashes": [15158310862804694385],
  "start": 112002208247369,
  "end": 112002208366236
}

{
  "entryPoints": [""],
  "shaderHashes": [15158310862804694385],
  "start": 112002258175946,
  "end": 112002258188945
}

{
  "entryPoints": [""],
  "shaderHashes": [15158310862804694385],
  "start": 112004019067434,
  "end": 112004019152013
}

{
  "entryPoints": [""],
  "shaderHashes": [15158310862804694385],
  "start": 112004070331837,
  "end": 112004070347586
}

{
  "entryPoints": [""],
  "shaderHashes": [15158310862804694385],
  "start": 112005830130886,
  "end": 112005830146886
}

{
  "entryPoints": [""],
  "shaderHashes": [15158310862804694385],
  "start": 112005877411693,
  "end": 112005877494107
}

{
  "entryPoints": [""],
  "shaderHashes": [15158310862804694385],
  "start": 112005927398334,
  "end": 112005927486040
}

{
  "entryPoints": [""],
  "shaderHashes": [15158310862804694385],
  "start": 112005975544864,
  "end": 112005975557531
}

{
  "entryPoints": [""],
  "shaderHashes": [15158310862804694385],
  "start": 112006026463935,
  "end": 112006026478310
}

{
  "entryPoints": [""],
  "shaderHashes": [15158310862804694385],
  "start": 112006075475357,
  "end": 112006075489314
}

{
  "entryPoints": [""],
  "shaderHashes": [15158310862804694385],
  "start": 112007835730939,
  "end": 112007835744689
}

{
  "entryPoints": [""],
  "shaderHashes": [15158310862804694385],
  "start": 112007885717510,
  "end": 112007885812883
}

{
  "entryPoints": [""],
  "shaderHashes": [15158310862804694385],
  "start": 112007935686456,
  "end": 112007935699497
}

{
  "entryPoints": [""],
  "shaderHashes": [15158310862804694385],
  "start": 112007985774775,
  "end": 112007985789608
}

{
  "entryPoints": [""],
  "shaderHashes": [15158310862804694385],
  "start": 112008035714221,
  "end": 112008035726846
}

{
  "entryPoints": [""],
  "shaderHashes": [15158310862804694385],
  "start": 112008085774832,
  "end": 112008085851040
}

{
  "entryPoints": [""],
  "shaderHashes": [15158310862804694385],
  "start": 112008135679613,
  "end": 112008135788653
}

{
  "entryPoints": [""],
  "shaderHashes": [15158310862804694385],
  "start": 112008184756864,
  "end": 112008184769696
}

{
  "entryPoints": [""],
  "shaderHashes": [15158310862804694385],
  "start": 112008235768377,
  "end": 112008235781085
}

{
  "entryPoints": [""],
  "shaderHashes": [15158310862804694385],
  "start": 112008285759072,
  "end": 112008285874863
}

{
  "entryPoints": [""],
  "shaderHashes": [15158310862804694385],
  "start": 112008335676603,
  "end": 112008335690436
}

{
  "entryPoints": [""],
  "shaderHashes": [15158310862804694385],
  "start": 112008385659381,
  "end": 112008385673548
}

{
  "entryPoints": [""],
  "shaderHashes": [15158310862804694385],
  "start": 112008434720674,
  "end": 112008434735632
}

{
  "entryPoints": [""],
  "shaderHashes": [15158310862804694385],
  "start": 112008486033558,
  "end": 112008486095516
}

{
  "entryPoints": [""],
  "shaderHashes": [15158310862804694385],
  "start": 112008536006296,
  "end": 112008536019129
}

{
  "entryPoints": [""],
  "shaderHashes": [15158310862804694385],
  "start": 112008585679663,
  "end": 112008585695038
}

{
  "entryPoints": [""],
  "shaderHashes": [15158310862804694385],
  "start": 112008635738732,
  "end": 112008635800856
}

{
  "entryPoints": [""],
  "shaderHashes": [15158310862804694385],
  "start": 112008684704777,
  "end": 112008684717193
}

{
  "entryPoints": [""],
  "shaderHashes": [15158310862804694385],
  "start": 112008735682540,
  "end": 112008735796455
}

{
  "entryPoints": [""],
  "shaderHashes": [15158310862804694385],
  "start": 112008785675486,
  "end": 112008785690902
}

{
  "entryPoints": [""],
  "shaderHashes": [15158310862804694385],
  "start": 112008834608615,
  "end": 112008834723071
}

{
  "entryPoints": [""],
  "shaderHashes": [15158310862804694385],
  "start": 112008884658184,
  "end": 112008884673059
}

{
  "entryPoints": [""],
  "shaderHashes": [15158310862804694385],
  "start": 112008935624448,
  "end": 112008935728822
}

{
  "entryPoints": [""],
  "shaderHashes": [15158310862804694385],
  "start": 112008984699990,
  "end": 112008984714074
}

{
  "entryPoints": [""],
  "shaderHashes": [15158310862804694385],
  "start": 112009035674172,
  "end": 112009035771920
}

{
  "entryPoints": [""],
  "shaderHashes": [15158310862804694385],
  "start": 112009085706533,
  "end": 112009085831156
}

{
  "entryPoints": [""],
  "shaderHashes": [15158310862804694385],
  "start": 112009135676146,
  "end": 112009135688603
}

{
  "entryPoints": [""],
  "shaderHashes": [15158310862804694385],
  "start": 112009185666008,
  "end": 112009185679924
}

{
  "entryPoints": [""],
  "shaderHashes": [15158310862804694385],
  "start": 112009235622621,
  "end": 112009235751369
}

{
  "entryPoints": [""],
  "shaderHashes": [15158310862804694385],
  "start": 112009285716189,
  "end": 112009285729064
}

{
  "entryPoints": [""],
  "shaderHashes": [15158310862804694385],
  "start": 112009335593803,
  "end": 112009335606761
}

{
  "entryPoints": [""],
  "shaderHashes": [15158310862804694385],
  "start": 112009384681804,
  "end": 112009384771011
}

{
  "entryPoints": [""],
  "shaderHashes": [15158310862804694385],
  "start": 112009435599277,
  "end": 112009435708817
}

{
  "entryPoints": [""],
  "shaderHashes": [15158310862804694385],
  "start": 112009485644263,
  "end": 112009485655763
}

{
  "entryPoints": [""],
  "shaderHashes": [15158310862804694385],
  "start": 112009535650208,
  "end": 112009535662875
}

{
  "entryPoints": [""],
  "shaderHashes": [15158310862804694385],
  "start": 112009585676237,
  "end": 112009585777527
}

{
  "entryPoints": [""],
  "shaderHashes": [15158310862804694385],
  "start": 112009635606058,
  "end": 112009635709057
}

{
  "entryPoints": [""],
  "shaderHashes": [15158310862804694385],
  "start": 112009685669419,
  "end": 112009685682211
}

{
  "entryPoints": [""],
  "shaderHashes": [15158310862804694385],
  "start": 112009735595366,
  "end": 112009735611116
}

{
  "entryPoints": [""],
  "shaderHashes": [15158310862804694385],
  "start": 112009784675158,
  "end": 112009784688242
}

{
  "entryPoints": [""],
  "shaderHashes": [15158310862804694385],
  "start": 112009834606689,
  "end": 112009834712729
}

{
  "entryPoints": [""],
  "shaderHashes": [15158310862804694385],
  "start": 112009885616077,
  "end": 112009885733116
}

{
  "entryPoints": [""],
  "shaderHashes": [15158310862804694385],
  "start": 112009934619370,
  "end": 112009934733786
}

{
  "entryPoints": [""],
  "shaderHashes": [15158310862804694385],
  "start": 112009986323874,
  "end": 112009986335581
}

{
  "entryPoints": [""],
  "shaderHashes": [15158310862804694385],
  "start": 112010034530888,
  "end": 112010034542680
}

{
  "entryPoints": [""],
  "shaderHashes": [15158310862804694385],
  "start": 112010085545318,
  "end": 112010085624108
}

{
  "entryPoints": [""],
  "shaderHashes": [15158310862804694385],
  "start": 112010135618053,
  "end": 112010135728802
}

{
  "entryPoints": [""],
  "shaderHashes": [15158310862804694385],
  "start": 112010184658514,
  "end": 112010184671597
}

{
  "entryPoints": [""],
  "shaderHashes": [15158310862804694385],
  "start": 112010235567695,
  "end": 112010235696485
}

{
  "entryPoints": [""],
  "shaderHashes": [15158310862804694385],
  "start": 112010285641264,
  "end": 112010285656264
}

{
  "entryPoints": [""],
  "shaderHashes": [15158310862804694385],
  "start": 112010334605267,
  "end": 112010334715099
}

{
  "entryPoints": [""],
  "shaderHashes": [15158310862804694385],
  "start": 112010385690488,
  "end": 112010385705904
}

{
  "entryPoints": [""],
  "shaderHashes": [15158310862804694385],
  "start": 112010435538352,
  "end": 112010435551186
}

{
  "entryPoints": [""],
  "shaderHashes": [15158310862804694385],
  "start": 112010484599353,
  "end": 112010484714477
}

{
  "entryPoints": [""],
  "shaderHashes": [15158310862804694385],
  "start": 112010535588450,
  "end": 112010535689449
}

{
  "entryPoints": [""],
  "shaderHashes": [15158310862804694385],
  "start": 112010585651603,
  "end": 112010585757227
}

{
  "entryPoints": [""],
  "shaderHashes": [15158310862804694385],
  "start": 112010634572107,
  "end": 112010634585232
}

{
  "entryPoints": [""],
  "shaderHashes": [15158310862804694385],
  "start": 112010685641411,
  "end": 112010685760451
}

{
  "entryPoints": [""],
  "shaderHashes": [15158310862804694385],
  "start": 112010735608690,
  "end": 112010735709647
}

{
  "entryPoints": [""],
  "shaderHashes": [15158310862804694385],
  "start": 112010784622942,
  "end": 112010784635775
}

{
  "entryPoints": [""],
  "shaderHashes": [15158310862804694385],
  "start": 112010835785620,
  "end": 112010835857160
}

{
  "entryPoints": [""],
  "shaderHashes": [15158310862804694385],
  "start": 112010885586360,
  "end": 112010885601401
}

{
  "entryPoints": [""],
  "shaderHashes": [15158310862804694385],
  "start": 112010936458958,
  "end": 112010936524791
}

{
  "entryPoints": [""],
  "shaderHashes": [15158310862804694385],
  "start": 112010986157367,
  "end": 112010986250033
}

{
  "entryPoints": [""],
  "shaderHashes": [15158310862804694385],
  "start": 112011035684361,
  "end": 112011035785027
}

{
  "entryPoints": [""],
  "shaderHashes": [15158310862804694385],
  "start": 112011084724321,
  "end": 112011084814987
}

{
  "entryPoints": [""],
  "shaderHashes": [15158310862804694385],
  "start": 112011135619794,
  "end": 112011135631878
}

{
  "entryPoints": [""],
  "shaderHashes": [15158310862804694385],
  "start": 112011184642380,
  "end": 112011184750920
}

{
  "entryPoints": [""],
  "shaderHashes": [15158310862804694385],
  "start": 112011235724642,
  "end": 112011235801975
}

{
  "entryPoints": [""],
  "shaderHashes": [15158310862804694385],
  "start": 112011287087733,
  "end": 112011287194316
}

{
  "entryPoints": [""],
  "shaderHashes": [15158310862804694385],
  "start": 112011336878432,
  "end": 112011336892015
}

{
  "entryPoints": [""],
  "shaderHashes": [15158310862804694385],
  "start": 112011385984349,
  "end": 112011386086890
}

{
  "entryPoints": [""],
  "shaderHashes": [15158310862804694385],
  "start": 112011436905031,
  "end": 112011436991113
}

{
  "entryPoints": [""],
  "shaderHashes": [15158310862804694385],
  "start": 112011487048557,
  "end": 112011487172222
}

{
  "entryPoints": [""],
  "shaderHashes": [15158310862804694385],
  "start": 112011536551761,
  "end": 112011536564968
}

{
  "entryPoints": [""],
  "shaderHashes": [15158310862804694385],
  "start": 112011585412473,
  "end": 112011585505472
}

{
  "entryPoints": [""],
  "shaderHashes": [15158310862804694385],
  "start": 112011635464751,
  "end": 112011635544708
}

{
  "entryPoints": [""],
  "shaderHashes": [15158310862804694385],
  "start": 112011684524253,
  "end": 112011684537127
}

{
  "entryPoints": [""],
  "shaderHashes": [15158310862804694385],
  "start": 112011735789053,
  "end": 112011735802095
}
