{
  "entryPoints": [""],
  "shaderHashes": [15158310862804694385],
  "start": 111792740459494,
  "end": 111792740472284
}

{
  "entryPoints": [""],
  "shaderHashes": [15158310862804694385],
  "start": 111792787199334,
  "end": 111792787317071
}

{
  "entryPoints": [""],
  "shaderHashes": [15158310862804694385],
  "start": 111797955349071,
  "end": 111797955362403
}

{
  "entryPoints": [""],
  "shaderHashes": [15158310862804694385],
  "start": 111798006205008,
  "end": 111798006331625
}

{
  "entryPoints": [""],
  "shaderHashes": [15158310862804694385],
  "start": 111799761857806,
  "end": 111799761872097
}

{
  "entryPoints": [""],
  "shaderHashes": [15158310862804694385],
  "start": 111799812476739,
  "end": 111799812489780
}

{
  "entryPoints": [""],
  "shaderHashes": [15158310862804694385],
  "start": 111801567821626,
  "end": 111801567834500
}

{
  "entryPoints": [""],
  "shaderHashes": [15158310862804694385],
  "start": 111801618145048,
  "end": 111801618208630
}

{
  "entryPoints": [""],
  "shaderHashes": [15158310862804694385],
  "start": 111801667762908,
  "end": 111801667829740
}

{
  "entryPoints": [""],
  "shaderHashes": [15158310862804694385],
  "start": 111801717250565,
  "end": 111801717373478
}

{
  "entryPoints": [""],
  "shaderHashes": [15158310862804694385],
  "start": 111801767153375,
  "end": 111801767230332
}

{
  "entryPoints": [""],
  "shaderHashes": [15158310862804694385],
  "start": 111801817305637,
  "end": 111801817395926
}

{
  "entryPoints": [""],
  "shaderHashes": [15158310862804694385],
  "start": 111803573172953,
  "end": 111803573185911
}

{
  "entryPoints": [""],
  "shaderHashes": [15158310862804694385],
  "start": 111803623248647,
  "end": 111803623261564
}

{
  "entryPoints": [""],
  "shaderHashes": [15158310862804694385],
  "start": 111803673439089,
  "end": 111803673557380
}

{
  "entryPoints": [""],
  "shaderHashes": [15158310862804694385],
  "start": 111803723413202,
  "end": 111803723522575
}

{
  "entryPoints": [""],
  "shaderHashes": [15158310862804694385],
  "start": 111803774334134,
  "end": 111803774415258
}

{
  "entryPoints": [""],
  "shaderHashes": [15158310862804694385],
  "start": 111803823983334,
  "end": 111803823996584
}

{
  "entryPoints": [""],
  "shaderHashes": [15158310862804694385],
  "start": 111803874598229,
  "end": 111803874612145
}

{
  "entryPoints": [""],
  "shaderHashes": [15158310862804694385],
  "start": 111803924186055,
  "end": 111803924269346
}

{
  "entryPoints": [""],
  "shaderHashes": [15158310862804694385],
  "start": 111803974298916,
  "end": 111803974358915
}

{
  "entryPoints": [""],
  "shaderHashes": [15158310862804694385],
  "start": 111804024387234,
  "end": 111804024465108
}

{
  "entryPoints": [""],
  "shaderHashes": [15158310862804694385],
  "start": 111804073103700,
  "end": 111804073116700
}

{
  "entryPoints": [""],
  "shaderHashes": [15158310862804694385],
  "start": 111804123281184,
  "end": 111804123295225
}

{
  "entryPoints": [""],
  "shaderHashes": [15158310862804694385],
  "start": 111804173672290,
  "end": 111804173754455
}

{
  "entryPoints": [""],
  "shaderHashes": [15158310862804694385],
  "start": 111804223257492,
  "end": 111804223271783
}

{
  "entryPoints": [""],
  "shaderHashes": [15158310862804694385],
  "start": 111804273282520,
  "end": 111804273350685
}

{
  "entryPoints": [""],
  "shaderHashes": [15158310862804694385],
  "start": 111804323458380,
  "end": 111804323518712
}

{
  "entryPoints": [""],
  "shaderHashes": [15158310862804694385],
  "start": 111804373433783,
  "end": 111804373447575
}

{
  "entryPoints": [""],
  "shaderHashes": [15158310862804694385],
  "start": 111804423636684,
  "end": 111804423650517
}

{
  "entryPoints": [""],
  "shaderHashes": [15158310862804694385],
  "start": 111804473831710,
  "end": 111804473888709
}

{
  "entryPoints": [""],
  "shaderHashes": [15158310862804694385],
  "start": 111804523821280,
  "end": 111804523834655
}

{
  "entryPoints": [""],
  "shaderHashes": [15158310862804694385],
  "start": 111804574276760,
  "end": 111804574344051
}

{
  "entryPoints": [""],
  "shaderHashes": [15158310862804694385],
  "start": 111804623704423,
  "end": 111804623717173
}

{
  "entryPoints": [""],
  "shaderHashes": [15158310862804694385],
  "start": 111804673491747,
  "end": 111804673504371
}

{
  "entryPoints": [""],
  "shaderHashes": [15158310862804694385],
  "start": 111804723434109,
  "end": 111804723447109
}

{
  "entryPoints": [""],
  "shaderHashes": [15158310862804694385],
  "start": 111804773660260,
  "end": 111804773783549
}

{
  "entryPoints": [""],
  "shaderHashes": [15158310862804694385],
  "start": 111804824661648,
  "end": 111804824721981
}

{
  "entryPoints": [""],
  "shaderHashes": [15158310862804694385],
  "start": 111804874567970,
  "end": 111804874626177
}

{
  "entryPoints": [""],
  "shaderHashes": [15158310862804694385],
  "start": 111804923351809,
  "end": 111804923364434
}

{
  "entryPoints": [""],
  "shaderHashes": [15158310862804694385],
  "start": 111804974012786,
  "end": 111804974136076
}

{
  "entryPoints": [""],
  "shaderHashes": [15158310862804694385],
  "start": 111805023990190,
  "end": 111805024113063
}

{
  "entryPoints": [""],
  "shaderHashes": [15158310862804694385],
  "start": 111805074050509,
  "end": 111805074102884
}

{
  "entryPoints": [""],
  "shaderHashes": [15158310862804694385],
  "start": 111805124058079,
  "end": 111805124181369
}

{
  "entryPoints": [""],
  "shaderHashes": [15158310862804694385],
  "start": 111805173333869,
  "end": 111805173457368
}

{
  "entryPoints": [""],
  "shaderHashes": [15158310862804694385],
  "start": 111805224301800,
  "end": 111805224424215
}

{
  "entryPoints": [""],
  "shaderHashes": [15158310862804694385],
  "start": 111805274121374,
  "end": 111805274180581
}

{
  "entryPoints": [""],
  "shaderHashes": [15158310862804694385],
  "start": 111805323039543,
  "end": 111805323052668
}

{
  "entryPoints": [""],
  "shaderHashes": [15158310862804694385],
  "start": 111805374353052,
  "end": 111805374475383
}

{
  "entryPoints": [""],
  "shaderHashes": [15158310862804694385],
  "start": 111805424171959,
  "end": 111805424219291
}

{
  "entryPoints": [""],
  "shaderHashes": [15158310862804694385],
  "start": 111805474365526,
  "end": 111805474488524
}

{
  "entryPoints": [""],
  "shaderHashes": [15158310862804694385],
  "start": 111805523442777,
  "end": 111805523455444
}

{
  "entryPoints": [""],
  "shaderHashes": [15158310862804694385],
  "start": 111805574122171,
  "end": 111805574183920
}

{
  "entryPoints": [""],
  "shaderHashes": [15158310862804694385],
  "start": 111805623888994,
  "end": 111805624012076
}

{
  "entryPoints": [""],
  "shaderHashes": [15158310862804694385],
  "start": 111805674235809,
  "end": 111805674295392
}

{
  "entryPoints": [""],
  "shaderHashes": [15158310862804694385],
  "start": 111805723774762,
  "end": 111805723897510
}

{
  "entryPoints": [""],
  "shaderHashes": [15158310862804694385],
  "start": 111805774163451,
  "end": 111805774286157
}

{
  "entryPoints": [""],
  "shaderHashes": [15158310862804694385],
  "start": 111805824209396,
  "end": 111805824271312
}

{
  "entryPoints": [""],
  "shaderHashes": [15158310862804694385],
  "start": 111805874089010,
  "end": 111805874212008
}

{
  "entryPoints": [""],
  "shaderHashes": [15158310862804694385],
  "start": 111805924128288,
  "end": 111805924183745
}

{
  "entryPoints": [""],
  "shaderHashes": [15158310862804694385],
  "start": 111805974177941,
  "end": 111805974301314
}

{
  "entryPoints": [""],
  "shaderHashes": [15158310862804694385],
  "start": 111806024101471,
  "end": 111806024224511
}

{
  "entryPoints": [""],
  "shaderHashes": [15158310862804694385],
  "start": 111806074013751,
  "end": 111806074135832
}

{
  "entryPoints": [""],
  "shaderHashes": [15158310862804694385],
  "start": 111806123932864,
  "end": 111806124007780
}

{
  "entryPoints": [""],
  "shaderHashes": [15158310862804694385],
  "start": 111806174000558,
  "end": 111806174059682
}

{
  "entryPoints": [""],
  "shaderHashes": [15158310862804694385],
  "start": 111806223920756,
  "end": 111806223971421
}

{
  "entryPoints": [""],
  "shaderHashes": [15158310862804694385],
  "start": 111806274284612,
  "end": 111806274404985
}

{
  "entryPoints": [""],
  "shaderHashes": [15158310862804694385],
  "start": 111806324132142,
  "end": 111806324254975
}

{
  "entryPoints": [""],
  "shaderHashes": [15158310862804694385],
  "start": 111806374115422,
  "end": 111806374237795
}

{
  "entryPoints": [""],
  "shaderHashes": [15158310862804694385],
  "start": 111806424171616,
  "end": 111806424184658
}

{
  "entryPoints": [""],
  "shaderHashes": [15158310862804694385],
  "start": 111806474235644,
  "end": 111806474357517
}

{
  "entryPoints": [""],
  "shaderHashes": [15158310862804694385],
  "start": 111806523692264,
  "end": 111806523815345
}

{
  "entryPoints": [""],
  "shaderHashes": [15158310862804694385],
  "start": 111806573981747,
  "end": 111806574105370
}

{
  "entryPoints": [""],
  "shaderHashes": [15158310862804694385],
  "start": 111806624176148,
  "end": 111806624298729
}

{
  "entryPoints": [""],
  "shaderHashes": [15158310862804694385],
  "start": 111806674211718,
  "end": 111806674334924
}

{
  "entryPoints": [""],
  "shaderHashes": [15158310862804694385],
  "start": 111806723937876,
  "end": 111806724061332
}

{
  "entryPoints": [""],
  "shaderHashes": [15158310862804694385],
  "start": 111806774454980,
  "end": 111806774508395
}

{
  "entryPoints": [""],
  "shaderHashes": [15158310862804694385],
  "start": 111806824002432,
  "end": 111806824126180
}

{
  "entryPoints": [""],
  "shaderHashes": [15158310862804694385],
  "start": 111806874050460,
  "end": 111806874095417
}

{
  "entryPoints": [""],
  "shaderHashes": [15158310862804694385],
  "start": 111806924031738,
  "end": 111806924082613
}

{
  "entryPoints": [""],
  "shaderHashes": [15158310862804694385],
  "start": 111806973690898,
  "end": 111806973749647
}

{
  "entryPoints": [""],
  "shaderHashes": [15158310862804694385],
  "start": 111807023974505,
  "end": 111807024097462
}

{
  "entryPoints": [""],
  "shaderHashes": [15158310862804694385],
  "start": 111807073881952,
  "end": 111807073894327
}

{
  "entryPoints": [""],
  "shaderHashes": [15158310862804694385],
  "start": 111807123893231,
  "end": 111807123905398
}

{
  "entryPoints": [""],
  "shaderHashes": [15158310862804694385],
  "start": 111807174233088,
  "end": 111807174356003
}

{
  "entryPoints": [""],
  "shaderHashes": [15158310862804694385],
  "start": 111807224052744,
  "end": 111807224176243
}

{
  "entryPoints": [""],
  "shaderHashes": [15158310862804694385],
  "start": 111807273987649,
  "end": 111807274110564
}

{
  "entryPoints": [""],
  "shaderHashes": [15158310862804694385],
  "start": 111807323901846,
  "end": 111807323960428
}

{
  "entryPoints": [""],
  "shaderHashes": [15158310862804694385],
  "start": 111807374012247,
  "end": 111807374025081
}

{
  "entryPoints": [""],
  "shaderHashes": [15158310862804694385],
  "start": 111807424008901,
  "end": 111807424132107
}

{
  "entryPoints": [""],
  "shaderHashes": [15158310862804694385],
  "start": 111807473223192,
  "end": 111807473346440
}

