{
  "entryPoints": [""],
  "shaderHashes": [15158310862804694385],
  "start": 112154085524887,
  "end": 112154085539135
}

{
  "entryPoints": [""],
  "shaderHashes": [15158310862804694385],
  "start": 112154129955849,
  "end": 112154130073628
}

{
  "entryPoints": [""],
  "shaderHashes": [15158310862804694385],
  "start": 112159314363204,
  "end": 112159314479905
}

{
  "entryPoints": [""],
  "shaderHashes": [15158310862804694385],
  "start": 112159363499663,
  "end": 112159363514454
}

{
  "entryPoints": [""],
  "shaderHashes": [15158310862804694385],
  "start": 112161125838202,
  "end": 112161125850910
}

{
  "entryPoints": [""],
  "shaderHashes": [15158310862804694385],
  "start": 112161176008947,
  "end": 112161176022405
}

{
  "entryPoints": [""],
  "shaderHashes": [15158310862804694385],
  "start": 112162937554702,
  "end": 112162937567367
}

{
  "entryPoints": [""],
  "shaderHashes": [15158310862804694385],
  "start": 112162987511677,
  "end": 112162987576716
}

{
  "entryPoints": [""],
  "shaderHashes": [15158310862804694385],
  "start": 112163037605148,
  "end": 112163037618356
}

{
  "entryPoints": [""],
  "shaderHashes": [15158310862804694385],
  "start": 112163087577331,
  "end": 112163087646579
}

{
  "entryPoints": [""],
  "shaderHashes": [15158310862804694385],
  "start": 112163137665970,
  "end": 112163137779632
}

{
  "entryPoints": [""],
  "shaderHashes": [15158310862804694385],
  "start": 112163187569530,
  "end": 112163187582112
}

{
  "entryPoints": [""],
  "shaderHashes": [15158310862804694385],
  "start": 112164949066419,
  "end": 112164949081793
}

{
  "entryPoints": [""],
  "shaderHashes": [15158310862804694385],
  "start": 112164998219586,
  "end": 112164998232168
}

{
  "entryPoints": [""],
  "shaderHashes": [15158310862804694385],
  "start": 112165049238807,
  "end": 112165049251223
}

{
  "entryPoints": [""],
  "shaderHashes": [15158310862804694385],
  "start": 112165099096962,
  "end": 112165099109796
}

{
  "entryPoints": [""],
  "shaderHashes": [15158310862804694385],
  "start": 112165149113491,
  "end": 112165149128324
}

{
  "entryPoints": [""],
  "shaderHashes": [15158310862804694385],
  "start": 112165199056979,
  "end": 112165199071312
}

{
  "entryPoints": [""],
  "shaderHashes": [15158310862804694385],
  "start": 112165248246228,
  "end": 112165248259978
}

{
  "entryPoints": [""],
  "shaderHashes": [15158310862804694385],
  "start": 112165298134675,
  "end": 112165298263632
}

{
  "entryPoints": [""],
  "shaderHashes": [15158310862804694385],
  "start": 112165349105314,
  "end": 112165349119064
}

{
  "entryPoints": [""],
  "shaderHashes": [15158310862804694385],
  "start": 112165398221857,
  "end": 112165398335021
}

{
  "entryPoints": [""],
  "shaderHashes": [15158310862804694385],
  "start": 112165449143663,
  "end": 112165449273286
}

{
  "entryPoints": [""],
  "shaderHashes": [15158310862804694385],
  "start": 112165498968111,
  "end": 112165499069193
}

{
  "entryPoints": [""],
  "shaderHashes": [15158310862804694385],
  "start": 112165549198636,
  "end": 112165549281177
}

{
  "entryPoints": [""],
  "shaderHashes": [15158310862804694385],
  "start": 112165599016918,
  "end": 112165599091167
}

{
  "entryPoints": [""],
  "shaderHashes": [15158310862804694385],
  "start": 112165649186319,
  "end": 112165649300234
}

{
  "entryPoints": [""],
  "shaderHashes": [15158310862804694385],
  "start": 112165699076099,
  "end": 112165699147806
}

{
  "entryPoints": [""],
  "shaderHashes": [15158310862804694385],
  "start": 112165749154335,
  "end": 112165749168668
}

{
  "entryPoints": [""],
  "shaderHashes": [15158310862804694385],
  "start": 112165799178364,
  "end": 112165799190447
}

{
  "entryPoints": [""],
  "shaderHashes": [15158310862804694385],
  "start": 112165849157017,
  "end": 112165849170351
}

{
  "entryPoints": [""],
  "shaderHashes": [15158310862804694385],
  "start": 112165899085130,
  "end": 112165899187338
}

{
  "entryPoints": [""],
  "shaderHashes": [15158310862804694385],
  "start": 112165949063243,
  "end": 112165949076534
}

{
  "entryPoints": [""],
  "shaderHashes": [15158310862804694385],
  "start": 112165999036897,
  "end": 112165999051022
}

{
  "entryPoints": [""],
  "shaderHashes": [15158310862804694385],
  "start": 112166049042967,
  "end": 112166049055467
}

{
  "entryPoints": [""],
  "shaderHashes": [15158310862804694385],
  "start": 112166098256258,
  "end": 112166098269216
}

{
  "entryPoints": [""],
  "shaderHashes": [15158310862804694385],
  "start": 112166149153731,
  "end": 112166149227605
}

{
  "entryPoints": [""],
  "shaderHashes": [15158310862804694385],
  "start": 112166199021304,
  "end": 112166199033303
}

{
  "entryPoints": [""],
  "shaderHashes": [15158310862804694385],
  "start": 112166249334995,
  "end": 112166249348078
}

{
  "entryPoints": [""],
  "shaderHashes": [15158310862804694385],
  "start": 112166299043569,
  "end": 112166299056902
}

{
  "entryPoints": [""],
  "shaderHashes": [15158310862804694385],
  "start": 112166349031932,
  "end": 112166349044306
}

{
  "entryPoints": [""],
  "shaderHashes": [15158310862804694385],
  "start": 112166398998169,
  "end": 112166399012752
}

{
  "entryPoints": [""],
  "shaderHashes": [15158310862804694385],
  "start": 112166449026614,
  "end": 112166449040864
}

{
  "entryPoints": [""],
  "shaderHashes": [15158310862804694385],
  "start": 112166499098600,
  "end": 112166499112016
}

{
  "entryPoints": [""],
  "shaderHashes": [15158310862804694385],
  "start": 112166548996463,
  "end": 112166549009047
}

{
  "entryPoints": [""],
  "shaderHashes": [15158310862804694385],
  "start": 112166598271170,
  "end": 112166598367169
}

{
  "entryPoints": [""],
  "shaderHashes": [15158310862804694385],
  "start": 112166649151519,
  "end": 112166649164602
}

{
  "entryPoints": [""],
  "shaderHashes": [15158310862804694385],
  "start": 112166699071132,
  "end": 112166699083340
}

{
  "entryPoints": [""],
  "shaderHashes": [15158310862804694385],
  "start": 112166748252882,
  "end": 112166748325506
}

{
  "entryPoints": [""],
  "shaderHashes": [15158310862804694385],
  "start": 112166798426907,
  "end": 112166798491740
}

{
  "entryPoints": [""],
  "shaderHashes": [15158310862804694385],
  "start": 112166849122218,
  "end": 112166849185550
}

{
  "entryPoints": [""],
  "shaderHashes": [15158310862804694385],
  "start": 112166898965957,
  "end": 112166899037414
}

{
  "entryPoints": [""],
  "shaderHashes": [15158310862804694385],
  "start": 112166949177857,
  "end": 112166949191191
}

{
  "entryPoints": [""],
  "shaderHashes": [15158310862804694385],
  "start": 112166999020555,
  "end": 112166999032930
}

{
  "entryPoints": [""],
  "shaderHashes": [15158310862804694385],
  "start": 112167049107582,
  "end": 112167049120124
}

{
  "entryPoints": [""],
  "shaderHashes": [15158310862804694385],
  "start": 112167099061529,
  "end": 112167099073654
}

{
  "entryPoints": [""],
  "shaderHashes": [15158310862804694385],
  "start": 112167149088765,
  "end": 112167149100556
}

{
  "entryPoints": [""],
  "shaderHashes": [15158310862804694385],
  "start": 112167198225224,
  "end": 112167198332555
}

{
  "entryPoints": [""],
  "shaderHashes": [15158310862804694385],
  "start": 112167248911908,
  "end": 112167248986491
}

{
  "entryPoints": [""],
  "shaderHashes": [15158310862804694385],
  "start": 112167298835355,
  "end": 112167298848105
}

{
  "entryPoints": [""],
  "shaderHashes": [15158310862804694385],
  "start": 112167348956632,
  "end": 112167349026465
}

{
  "entryPoints": [""],
  "shaderHashes": [15158310862804694385],
  "start": 112167399064117,
  "end": 112167399078659
}

{
  "entryPoints": [""],
  "shaderHashes": [15158310862804694385],
  "start": 112167449104563,
  "end": 112167449175561
}

{
  "entryPoints": [""],
  "shaderHashes": [15158310862804694385],
  "start": 112167498931635,
  "end": 112167498944927
}

{
  "entryPoints": [""],
  "shaderHashes": [15158310862804694385],
  "start": 112167549027538,
  "end": 112167549137077
}

{
  "entryPoints": [""],
  "shaderHashes": [15158310862804694385],
  "start": 112167599160814,
  "end": 112167599233938
}

{
  "entryPoints": [""],
  "shaderHashes": [15158310862804694385],
  "start": 112167649071886,
  "end": 112167649083511
}

{
  "entryPoints": [""],
  "shaderHashes": [15158310862804694385],
  "start": 112167698197845,
  "end": 112167698209761
}

{
  "entryPoints": [""],
  "shaderHashes": [15158310862804694385],
  "start": 112167749451188,
  "end": 112167749519644
}

{
  "entryPoints": [""],
  "shaderHashes": [15158310862804694385],
  "start": 112167799357218,
  "end": 112167799429675
}

{
  "entryPoints": [""],
  "shaderHashes": [15158310862804694385],
  "start": 112167849147374,
  "end": 112167849214832
}

{
  "entryPoints": [""],
  "shaderHashes": [15158310862804694385],
  "start": 112167899163028,
  "end": 112167899231652
}

{
  "entryPoints": [""],
  "shaderHashes": [15158310862804694385],
  "start": 112167948008700,
  "end": 112167948113823
}

{
  "entryPoints": [""],
  "shaderHashes": [15158310862804694385],
  "start": 112167999002297,
  "end": 112167999070421
}

{
  "entryPoints": [""],
  "shaderHashes": [15158310862804694385],
  "start": 112168049052033,
  "end": 112168049176822
}

{
  "entryPoints": [""],
  "shaderHashes": [15158310862804694385],
  "start": 112168099086769,
  "end": 112168099162976
}

{
  "entryPoints": [""],
  "shaderHashes": [15158310862804694385],
  "start": 112168148916717,
  "end": 112168148929884
}

{
  "entryPoints": [""],
  "shaderHashes": [15158310862804694385],
  "start": 112168199077285,
  "end": 112168199144659
}

{
  "entryPoints": [""],
  "shaderHashes": [15158310862804694385],
  "start": 112168249142063,
  "end": 112168249153438
}

{
  "entryPoints": [""],
  "shaderHashes": [15158310862804694385],
  "start": 112168299122800,
  "end": 112168299193507
}

{
  "entryPoints": [""],
  "shaderHashes": [15158310862804694385],
  "start": 112168348256175,
  "end": 112168348337257
}

{
  "entryPoints": [""],
  "shaderHashes": [15158310862804694385],
  "start": 112168398362744,
  "end": 112168398430660
}

{
  "entryPoints": [""],
  "shaderHashes": [15158310862804694385],
  "start": 112168449584962,
  "end": 112168449598212
}

{
  "entryPoints": [""],
  "shaderHashes": [15158310862804694385],
  "start": 112168498905044,
  "end": 112168498917293
}

{
  "entryPoints": [""],
  "shaderHashes": [15158310862804694385],
  "start": 112168548937405,
  "end": 112168549042320
}

{
  "entryPoints": [""],
  "shaderHashes": [15158310862804694385],
  "start": 112168598928975,
  "end": 112168598941517
}

{
  "entryPoints": [""],
  "shaderHashes": [15158310862804694385],
  "start": 112168648987128,
  "end": 112168648999919
}

{
  "entryPoints": [""],
  "shaderHashes": [15158310862804694385],
  "start": 112168699024448,
  "end": 112168699038656
}

{
  "entryPoints": [""],
  "shaderHashes": [15158310862804694385],
  "start": 112168752801419,
  "end": 112168752813835
}

{
  "entryPoints": [""],
  "shaderHashes": [15158310862804694385],
  "start": 112168802270665,
  "end": 112168802283622
}

{
  "entryPoints": [""],
  "shaderHashes": [15158310862804694385],
  "start": 112168849799897,
  "end": 112168849914146
}
