{
  "entryPoints": [""],
  "shaderHashes": [15158310862804694385],
  "start": 112105005160129,
  "end": 112105005172503
}

{
  "entryPoints": [""],
  "shaderHashes": [15158310862804694385],
  "start": 112105052103740,
  "end": 112105052221018
}

{
  "entryPoints": [""],
  "shaderHashes": [15158310862804694385],
  "start": 112110234359909,
  "end": 112110234476527
}

{
  "entryPoints": [""],
  "shaderHashes": [15158310862804694385],
  "start": 112110284347108,
  "end": 112110284376981
}

{
  "entryPoints": [""],
  "shaderHashes": [15158310862804694385],
  "start": 112112044043757,
  "end": 112112044167044
}

{
  "entryPoints": [""],
  "shaderHashes": [15158310862804694385],
  "start": 112112095102087,
  "end": 112112095225748
}

{
  "entryPoints": [""],
  "shaderHashes": [15158310862804694385],
  "start": 112113855960765,
  "end": 112113856087678
}

{
  "entryPoints": [""],
  "shaderHashes": [15158310862804694385],
  "start": 112113905964281,
  "end": 112113905976739
}

{
  "entryPoints": [""],
  "shaderHashes": [15158310862804694385],
  "start": 112113955933423,
  "end": 112113956007254
}

{
  "entryPoints": [""],
  "shaderHashes": [15158310862804694385],
  "start": 112114005988978,
  "end": 112114006109183
}

{
  "entryPoints": [""],
  "shaderHashes": [15158310862804694385],
  "start": 112114055136853,
  "end": 112114055264767
}

{
  "entryPoints": [""],
  "shaderHashes": [15158310862804694385],
  "start": 112114106055966,
  "end": 112114106117131
}

{
  "entryPoints": [""],
  "shaderHashes": [15158310862804694385],
  "start": 112115866829741,
  "end": 112115866895448
}

{
  "entryPoints": [""],
  "shaderHashes": [15158310862804694385],
  "start": 112115916817311,
  "end": 112115916831811
}

{
  "entryPoints": [""],
  "shaderHashes": [15158310862804694385],
  "start": 112115966854256,
  "end": 112115966930463
}

{
  "entryPoints": [""],
  "shaderHashes": [15158310862804694385],
  "start": 112116016795994,
  "end": 112116016910158
}

{
  "entryPoints": [""],
  "shaderHashes": [15158310862804694385],
  "start": 112116065881578,
  "end": 112116065976785
}

{
  "entryPoints": [""],
  "shaderHashes": [15158310862804694385],
  "start": 112116115947064,
  "end": 112116116031271
}

{
  "entryPoints": [""],
  "shaderHashes": [15158310862804694385],
  "start": 112116166781539,
  "end": 112116166794288
}

{
  "entryPoints": [""],
  "shaderHashes": [15158310862804694385],
  "start": 112116215863832,
  "end": 112116215877206
}

{
  "entryPoints": [""],
  "shaderHashes": [15158310862804694385],
  "start": 112116265909318,
  "end": 112116265922693
}

{
  "entryPoints": [""],
  "shaderHashes": [15158310862804694385],
  "start": 112116316833291,
  "end": 112116316892665
}

{
  "entryPoints": [""],
  "shaderHashes": [15158310862804694385],
  "start": 112116365908708,
  "end": 112116365993457
}

{
  "entryPoints": [""],
  "shaderHashes": [15158310862804694385],
  "start": 112116416683892,
  "end": 112116416783682
}

{
  "entryPoints": [""],
  "shaderHashes": [15158310862804694385],
  "start": 112116467019415,
  "end": 112116467088081
}

{
  "entryPoints": [""],
  "shaderHashes": [15158310862804694385],
  "start": 112116517044319,
  "end": 112116517115110
}

{
  "entryPoints": [""],
  "shaderHashes": [15158310862804694385],
  "start": 112116565954615,
  "end": 112116566025030
}

{
  "entryPoints": [""],
  "shaderHashes": [15158310862804694385],
  "start": 112116616927003,
  "end": 112116617010294
}

{
  "entryPoints": [""],
  "shaderHashes": [15158310862804694385],
  "start": 112116666933199,
  "end": 112116667003614
}

{
  "entryPoints": [""],
  "shaderHashes": [15158310862804694385],
  "start": 112116716841937,
  "end": 112116716953186
}

{
  "entryPoints": [""],
  "shaderHashes": [15158310862804694385],
  "start": 112116765893605,
  "end": 112116766008103
}

{
  "entryPoints": [""],
  "shaderHashes": [15158310862804694385],
  "start": 112116816742663,
  "end": 112116816862994
}

{
  "entryPoints": [""],
  "shaderHashes": [15158310862804694385],
  "start": 112116866812857,
  "end": 112116866877648
}

{
  "entryPoints": [""],
  "shaderHashes": [15158310862804694385],
  "start": 112116916800094,
  "end": 112116916915800
}

{
  "entryPoints": [""],
  "shaderHashes": [15158310862804694385],
  "start": 112116966784956,
  "end": 112116966899997
}

{
  "entryPoints": [""],
  "shaderHashes": [15158310862804694385],
  "start": 112117016891192,
  "end": 112117016972274
}

{
  "entryPoints": [""],
  "shaderHashes": [15158310862804694385],
  "start": 112117066865304,
  "end": 112117066957136
}

{
  "entryPoints": [""],
  "shaderHashes": [15158310862804694385],
  "start": 112117115865390,
  "end": 112117115933763
}

{
  "entryPoints": [""],
  "shaderHashes": [15158310862804694385],
  "start": 112117166850196,
  "end": 112117166864861
}

{
  "entryPoints": [""],
  "shaderHashes": [15158310862804694385],
  "start": 112117216699726,
  "end": 112117216714393
}

{
  "entryPoints": [""],
  "shaderHashes": [15158310862804694385],
  "start": 112117265901184,
  "end": 112117265978016
}

{
  "entryPoints": [""],
  "shaderHashes": [15158310862804694385],
  "start": 112117317287775,
  "end": 112117317356274
}

{
  "entryPoints": [""],
  "shaderHashes": [15158310862804694385],
  "start": 112117366639105,
  "end": 112117366705687
}

{
  "entryPoints": [""],
  "shaderHashes": [15158310862804694385],
  "start": 112117416119142,
  "end": 112117416186391
}

{
  "entryPoints": [""],
  "shaderHashes": [15158310862804694385],
  "start": 112117466716828,
  "end": 112117466853118
}

{
  "entryPoints": [""],
  "shaderHashes": [15158310862804694385],
  "start": 112117517028768,
  "end": 112117517083351
}

{
  "entryPoints": [""],
  "shaderHashes": [15158310862804694385],
  "start": 112117567321751,
  "end": 112117567444249
}

{
  "entryPoints": [""],
  "shaderHashes": [15158310862804694385],
  "start": 112117617092450,
  "end": 112117617104908
}

{
  "entryPoints": [""],
  "shaderHashes": [15158310862804694385],
  "start": 112117666557903,
  "end": 112117666569820
}

{
  "entryPoints": [""],
  "shaderHashes": [15158310862804694385],
  "start": 112117717754539,
  "end": 112117717813871
}

{
  "entryPoints": [""],
  "shaderHashes": [15158310862804694385],
  "start": 112117766818249,
  "end": 112117766941164
}

{
  "entryPoints": [""],
  "shaderHashes": [15158310862804694385],
  "start": 112117816882568,
  "end": 112117817004691
}

{
  "entryPoints": [""],
  "shaderHashes": [15158310862804694385],
  "start": 112117866757349,
  "end": 112117866847847
}

{
  "entryPoints": [""],
  "shaderHashes": [15158310862804694385],
  "start": 112117916795918,
  "end": 112117916906125
}

{
  "entryPoints": [""],
  "shaderHashes": [15158310862804694385],
  "start": 112117966760406,
  "end": 112117966772781
}

{
  "entryPoints": [""],
  "shaderHashes": [15158310862804694385],
  "start": 112118016825559,
  "end": 112118016930515
}

{
  "entryPoints": [""],
  "shaderHashes": [15158310862804694385],
  "start": 112118066786254,
  "end": 112118066849378
}

{
  "entryPoints": [""],
  "shaderHashes": [15158310862804694385],
  "start": 112118116691327,
  "end": 112118116805450
}

{
  "entryPoints": [""],
  "shaderHashes": [15158310862804694385],
  "start": 112118166677855,
  "end": 112118166799478
}

{
  "entryPoints": [""],
  "shaderHashes": [15158310862804694385],
  "start": 112118216578469,
  "end": 112118216591636
}

{
  "entryPoints": [""],
  "shaderHashes": [15158310862804694385],
  "start": 112118266573373,
  "end": 112118266706413
}

{
  "entryPoints": [""],
  "shaderHashes": [15158310862804694385],
  "start": 112118315703415,
  "end": 112118315716248
}

{
  "entryPoints": [""],
  "shaderHashes": [15158310862804694385],
  "start": 112118366662888,
  "end": 112118366776594
}

{
  "entryPoints": [""],
  "shaderHashes": [15158310862804694385],
  "start": 112118416666458,
  "end": 112118416679582
}

{
  "entryPoints": [""],
  "shaderHashes": [15158310862804694385],
  "start": 112118466731944,
  "end": 112118466808900
}

{
  "entryPoints": [""],
  "shaderHashes": [15158310862804694385],
  "start": 112118516982760,
  "end": 112118517053384
}

{
  "entryPoints": [""],
  "shaderHashes": [15158310862804694385],
  "start": 112118566832541,
  "end": 112118566887290
}

{
  "entryPoints": [""],
  "shaderHashes": [15158310862804694385],
  "start": 112118616834570,
  "end": 112118616949609
}

{
  "entryPoints": [""],
  "shaderHashes": [15158310862804694385],
  "start": 112118665852072,
  "end": 112118665972028
}

{
  "entryPoints": [""],
  "shaderHashes": [15158310862804694385],
  "start": 112118716819836,
  "end": 112118716897626
}

{
  "entryPoints": [""],
  "shaderHashes": [15158310862804694385],
  "start": 112118766631159,
  "end": 112118766696033
}

{
  "entryPoints": [""],
  "shaderHashes": [15158310862804694385],
  "start": 112118816686104,
  "end": 112118816807060
}

{
  "entryPoints": [""],
  "shaderHashes": [15158310862804694385],
  "start": 112118866724882,
  "end": 112118866831130
}

{
  "entryPoints": [""],
  "shaderHashes": [15158310862804694385],
  "start": 112118916745869,
  "end": 112118916853033
}

{
  "entryPoints": [""],
  "shaderHashes": [15158310862804694385],
  "start": 112118966816938,
  "end": 112118966901479
}

{
  "entryPoints": [""],
  "shaderHashes": [15158310862804694385],
  "start": 112119020916320,
  "end": 112119021040818
}

{
  "entryPoints": [""],
  "shaderHashes": [15158310862804694385],
  "start": 112119068731633,
  "end": 112119068744549
}

{
  "entryPoints": [""],
  "shaderHashes": [15158310862804694385],
  "start": 112119118694537,
  "end": 112119118820868
}

{
  "entryPoints": [""],
  "shaderHashes": [15158310862804694385],
  "start": 112119168520443,
  "end": 112119168532152
}

{
  "entryPoints": [""],
  "shaderHashes": [15158310862804694385],
  "start": 112119218482765,
  "end": 112119218553347
}

{
  "entryPoints": [""],
  "shaderHashes": [15158310862804694385],
  "start": 112119267674972,
  "end": 112119267688930
}

{
  "entryPoints": [""],
  "shaderHashes": [15158310862804694385],
  "start": 112119316571851,
  "end": 112119316584518
}

{
  "entryPoints": [""],
  "shaderHashes": [15158310862804694385],
  "start": 112119368650098,
  "end": 112119368664264
}

{
  "entryPoints": [""],
  "shaderHashes": [15158310862804694385],
  "start": 112119417904472,
  "end": 112119417974471
}

{
  "entryPoints": [""],
  "shaderHashes": [15158310862804694385],
  "start": 112119465674118,
  "end": 112119465755866
}

{
  "entryPoints": [""],
  "shaderHashes": [15158310862804694385],
  "start": 112119518860139,
  "end": 112119518983345
}

{
  "entryPoints": [""],
  "shaderHashes": [15158310862804694385],
  "start": 112119568769295,
  "end": 112119568894834
}

{
  "entryPoints": [""],
  "shaderHashes": [15158310862804694385],
  "start": 112119618722323,
  "end": 112119618736657
}

{
  "entryPoints": [""],
  "shaderHashes": [15158310862804694385],
  "start": 112119669148929,
  "end": 112119669163179
}

{
  "entryPoints": [""],
  "shaderHashes": [15158310862804694385],
  "start": 112119718286096,
  "end": 112119718298971
}

{
  "entryPoints": [""],
  "shaderHashes": [15158310862804694385],
  "start": 112119767453304,
  "end": 112119767467763
}
