{
  "entryPoints": [""],
  "shaderHashes": [15158310862804694385],
  "start": 112260905734664,
  "end": 112260905747246
}

{
  "entryPoints": [""],
  "shaderHashes": [15158310862804694385],
  "start": 112260951230845,
  "end": 112260951348250
}

{
  "entryPoints": [""],
  "shaderHashes": [15158310862804694385],
  "start": 112266140520280,
  "end": 112266140636023
}

{
  "entryPoints": [""],
  "shaderHashes": [15158310862804694385],
  "start": 112266190628221,
  "end": 112266190641262
}

{
  "entryPoints": [""],
  "shaderHashes": [15158310862804694385],
  "start": 112267953846696,
  "end": 112267953944692
}

{
  "entryPoints": [""],
  "shaderHashes": [15158310862804694385],
  "start": 112268003869740,
  "end": 112268003971611
}

{
  "entryPoints": [""],
  "shaderHashes": [15158310862804694385],
  "start": 112269767181254,
  "end": 112269767194587
}

{
  "entryPoints": [""],
  "shaderHashes": [15158310862804694385],
  "start": 112269817173603,
  "end": 112269817244976
}

{
  "entryPoints": [""],
  "shaderHashes": [15158310862804694385],
  "start": 112269867128037,
  "end": 112269867238242
}

{
  "entryPoints": [""],
  "shaderHashes": [15158310862804694385],
  "start": 112269917026931,
  "end": 112269917125595
}

{
  "entryPoints": [""],
  "shaderHashes": [15158310862804694385],
  "start": 112269967275897,
  "end": 112269967366645
}

{
  "entryPoints": [""],
  "shaderHashes": [15158310862804694385],
  "start": 112270017279246,
  "end": 112270017292121
}

{
  "entryPoints": [""],
  "shaderHashes": [15158310862804694385],
  "start": 112271780428485,
  "end": 112271780531150
}

{
  "entryPoints": [""],
  "shaderHashes": [15158310862804694385],
  "start": 112271830445346,
  "end": 112271830551345
}

{
  "entryPoints": [""],
  "shaderHashes": [15158310862804694385],
  "start": 112271880330210,
  "end": 112271880443583
}

{
  "entryPoints": [""],
  "shaderHashes": [15158310862804694385],
  "start": 112271930317197,
  "end": 112271930442529
}

{
  "entryPoints": [""],
  "shaderHashes": [15158310862804694385],
  "start": 112271980397892,
  "end": 112271980521265
}

{
  "entryPoints": [""],
  "shaderHashes": [15158310862804694385],
  "start": 112272030390170,
  "end": 112272030517627
}

{
  "entryPoints": [""],
  "shaderHashes": [15158310862804694385],
  "start": 112272080323575,
  "end": 112272080444949
}

{
  "entryPoints": [""],
  "shaderHashes": [15158310862804694385],
  "start": 112272130254647,
  "end": 112272130385854
}

{
  "entryPoints": [""],
  "shaderHashes": [15158310862804694385],
  "start": 112272180423131,
  "end": 112272180506672
}

{
  "entryPoints": [""],
  "shaderHashes": [15158310862804694385],
  "start": 112272230265287,
  "end": 112272230279579
}

{
  "entryPoints": [""],
  "shaderHashes": [15158310862804694385],
  "start": 112272280276066,
  "end": 112272280288774
}

{
  "entryPoints": [""],
  "shaderHashes": [15158310862804694385],
  "start": 112272330445134,
  "end": 112272330508300
}

{
  "entryPoints": [""],
  "shaderHashes": [15158310862804694385],
  "start": 112272380254207,
  "end": 112272380312540
}

{
  "entryPoints": [""],
  "shaderHashes": [15158310862804694385],
  "start": 112272430415775,
  "end": 112272430519107
}

{
  "entryPoints": [""],
  "shaderHashes": [15158310862804694385],
  "start": 112272481334539,
  "end": 112272481423580
}

{
  "entryPoints": [""],
  "shaderHashes": [15158310862804694385],
  "start": 112272531281736,
  "end": 112272531366151
}

{
  "entryPoints": [""],
  "shaderHashes": [15158310862804694385],
  "start": 112272581257557,
  "end": 112272581269974
}

{
  "entryPoints": [""],
  "shaderHashes": [15158310862804694385],
  "start": 112272631106921,
  "end": 112272631225544
}

{
  "entryPoints": [""],
  "shaderHashes": [15158310862804694385],
  "start": 112272680907411,
  "end": 112272681029951
}

{
  "entryPoints": [""],
  "shaderHashes": [15158310862804694385],
  "start": 112272730011495,
  "end": 112272730134702
}

{
  "entryPoints": [""],
  "shaderHashes": [15158310862804694385],
  "start": 112272780500141,
  "end": 112272780623432
}

{
  "entryPoints": [""],
  "shaderHashes": [15158310862804694385],
  "start": 112272830320756,
  "end": 112272830364589
}

{
  "entryPoints": [""],
  "shaderHashes": [15158310862804694385],
  "start": 112272880252702,
  "end": 112272880375742
}

{
  "entryPoints": [""],
  "shaderHashes": [15158310862804694385],
  "start": 112272930408562,
  "end": 112272930536019
}

{
  "entryPoints": [""],
  "shaderHashes": [15158310862804694385],
  "start": 112272980322884,
  "end": 112272980429883
}

{
  "entryPoints": [""],
  "shaderHashes": [15158310862804694385],
  "start": 112273030198831,
  "end": 112273030311747
}

{
  "entryPoints": [""],
  "shaderHashes": [15158310862804694385],
  "start": 112273080398648,
  "end": 112273080526063
}

{
  "entryPoints": [""],
  "shaderHashes": [15158310862804694385],
  "start": 112273130215430,
  "end": 112273130336886
}

{
  "entryPoints": [""],
  "shaderHashes": [15158310862804694385],
  "start": 112273180282541,
  "end": 112273180406747
}

{
  "entryPoints": [""],
  "shaderHashes": [15158310862804694385],
  "start": 112273230231946,
  "end": 112273230328320
}

{
  "entryPoints": [""],
  "shaderHashes": [15158310862804694385],
  "start": 112273280301723,
  "end": 112273280410680
}

{
  "entryPoints": [""],
  "shaderHashes": [15158310862804694385],
  "start": 112273330139962,
  "end": 112273330265503
}

{
  "entryPoints": [""],
  "shaderHashes": [15158310862804694385],
  "start": 112273380465362,
  "end": 112273380480153
}

{
  "entryPoints": [""],
  "shaderHashes": [15158310862804694385],
  "start": 112273430272644,
  "end": 112273430383558
}

{
  "entryPoints": [""],
  "shaderHashes": [15158310862804694385],
  "start": 112273480887537,
  "end": 112273480938870
}

{
  "entryPoints": [""],
  "shaderHashes": [15158310862804694385],
  "start": 112273530247868,
  "end": 112273530359574
}

{
  "entryPoints": [""],
  "shaderHashes": [15158310862804694385],
  "start": 112273580421560,
  "end": 112273580515934
}

{
  "entryPoints": [""],
  "shaderHashes": [15158310862804694385],
  "start": 112273630266425,
  "end": 112273630385715
}

{
  "entryPoints": [""],
  "shaderHashes": [15158310862804694385],
  "start": 112273680408993,
  "end": 112273680522991
}

{
  "entryPoints": [""],
  "shaderHashes": [15158310862804694385],
  "start": 112273730241107,
  "end": 112273730357398
}

{
  "entryPoints": [""],
  "shaderHashes": [15158310862804694385],
  "start": 112273780210720,
  "end": 112273780337343
}

{
  "entryPoints": [""],
  "shaderHashes": [15158310862804694385],
  "start": 112273830160583,
  "end": 112273830176166
}

{
  "entryPoints": [""],
  "shaderHashes": [15158310862804694385],
  "start": 112273880207278,
  "end": 112273880317151
}

{
  "entryPoints": [""],
  "shaderHashes": [15158310862804694385],
  "start": 112273930189223,
  "end": 112273930313013
}

{
  "entryPoints": [""],
  "shaderHashes": [15158310862804694385],
  "start": 112273980413749,
  "end": 112273980540330
}

{
  "entryPoints": [""],
  "shaderHashes": [15158310862804694385],
  "start": 112274030257196,
  "end": 112274030370862
}

{
  "entryPoints": [""],
  "shaderHashes": [15158310862804694385],
  "start": 112274080198392,
  "end": 112274080211142
}

{
  "entryPoints": [""],
  "shaderHashes": [15158310862804694385],
  "start": 112274130108215,
  "end": 112274130169339
}

{
  "entryPoints": [""],
  "shaderHashes": [15158310862804694385],
  "start": 112274180068660,
  "end": 112274180184117
}

{
  "entryPoints": [""],
  "shaderHashes": [15158310862804694385],
  "start": 112274230069314,
  "end": 112274230196853
}

{
  "entryPoints": [""],
  "shaderHashes": [15158310862804694385],
  "start": 112274280342588,
  "end": 112274280357380
}

{
  "entryPoints": [""],
  "shaderHashes": [15158310862804694385],
  "start": 112274330228827,
  "end": 112274330302451
}

{
  "entryPoints": [""],
  "shaderHashes": [15158310862804694385],
  "start": 112274380230189,
  "end": 112274380293022
}

{
  "entryPoints": [""],
  "shaderHashes": [15158310862804694385],
  "start": 112274430207344,
  "end": 112274430333675
}

{
  "entryPoints": [""],
  "shaderHashes": [15158310862804694385],
  "start": 112274480389911,
  "end": 112274480401286
}

{
  "entryPoints": [""],
  "shaderHashes": [15158310862804694385],
  "start": 112274530189651,
  "end": 112274530202776
}

{
  "entryPoints": [""],
  "shaderHashes": [15158310862804694385],
  "start": 112274580281179,
  "end": 112274580388510
}

{
  "entryPoints": [""],
  "shaderHashes": [15158310862804694385],
  "start": 112274630223583,
  "end": 112274630236333
}

{
  "entryPoints": [""],
  "shaderHashes": [15158310862804694385],
  "start": 112274680198196,
  "end": 112274680326402
}

{
  "entryPoints": [""],
  "shaderHashes": [15158310862804694385],
  "start": 112274730170308,
  "end": 112274730298181
}

{
  "entryPoints": [""],
  "shaderHashes": [15158310862804694385],
  "start": 112274780304209,
  "end": 112274780389042
}

{
  "entryPoints": [""],
  "shaderHashes": [15158310862804694385],
  "start": 112274830148449,
  "end": 112274830277322
}

{
  "entryPoints": [""],
  "shaderHashes": [15158310862804694385],
  "start": 112274880227852,
  "end": 112274880343642
}

{
  "entryPoints": [""],
  "shaderHashes": [15158310862804694385],
  "start": 112274930152423,
  "end": 112274930236047
}

{
  "entryPoints": [""],
  "shaderHashes": [15158310862804694385],
  "start": 112274980217034,
  "end": 112274980332657
}

{
  "entryPoints": [""],
  "shaderHashes": [15158310862804694385],
  "start": 112275030142647,
  "end": 112275030254770
}

{
  "entryPoints": [""],
  "shaderHashes": [15158310862804694385],
  "start": 112275080378340,
  "end": 112275080501171
}

{
  "entryPoints": [""],
  "shaderHashes": [15158310862804694385],
  "start": 112275130375202,
  "end": 112275130449284
}

{
  "entryPoints": [""],
  "shaderHashes": [15158310862804694385],
  "start": 112275180204524,
  "end": 112275180329480
}

{
  "entryPoints": [""],
  "shaderHashes": [15158310862804694385],
  "start": 112275230467049,
  "end": 112275230539131
}

{
  "entryPoints": [""],
  "shaderHashes": [15158310862804694385],
  "start": 112275280435578,
  "end": 112275280533201
}

{
  "entryPoints": [""],
  "shaderHashes": [15158310862804694385],
  "start": 112275330261360,
  "end": 112275330369191
}

{
  "entryPoints": [""],
  "shaderHashes": [15158310862804694385],
  "start": 112275380180890,
  "end": 112275380240472
}

{
  "entryPoints": [""],
  "shaderHashes": [15158310862804694385],
  "start": 112275430214751,
  "end": 112275430312750
}

{
  "entryPoints": [""],
  "shaderHashes": [15158310862804694385],
  "start": 112275480265404,
  "end": 112275480368027
}

{
  "entryPoints": [""],
  "shaderHashes": [15158310862804694385],
  "start": 112275530352181,
  "end": 112275530428097
}

{
  "entryPoints": [""],
  "shaderHashes": [15158310862804694385],
  "start": 112275580415250,
  "end": 112275580489249
}

{
  "entryPoints": [""],
  "shaderHashes": [15158310862804694385],
  "start": 112275630193533,
  "end": 112275630261032
}

{
  "entryPoints": [""],
  "shaderHashes": [15158310862804694385],
  "start": 112275680203562,
  "end": 112275680305643
}
